<?xml version="1.0" encoding="UTF-8"?>
<testsuite name="com.vaibhav.scdf.source.SourceApplicationTests" tests="1" skipped="0" failures="0" errors="0" timestamp="2021-01-04T22:43:22" hostname="MacBook-Pro.local" time="0.322">
  <properties/>
  <testcase name="contextLoads()" classname="com.vaibhav.scdf.source.SourceApplicationTests" time="0.322"/>
  <system-out><![CDATA[16:43:20.110 [Test worker] DEBUG org.springframework.test.context.BootstrapUtils - Instantiating CacheAwareContextLoaderDelegate from class [org.springframework.test.context.cache.DefaultCacheAwareContextLoaderDelegate]
16:43:20.118 [Test worker] DEBUG org.springframework.test.context.BootstrapUtils - Instantiating BootstrapContext using constructor [public org.springframework.test.context.support.DefaultBootstrapContext(java.lang.Class,org.springframework.test.context.CacheAwareContextLoaderDelegate)]
16:43:20.142 [Test worker] DEBUG org.springframework.test.context.BootstrapUtils - Instantiating TestContextBootstrapper for test class [com.vaibhav.scdf.source.SourceApplicationTests] from class [org.springframework.boot.test.context.SpringBootTestContextBootstrapper]
16:43:20.150 [Test worker] INFO org.springframework.boot.test.context.SpringBootTestContextBootstrapper - Neither @ContextConfiguration nor @ContextHierarchy found for test class [com.vaibhav.scdf.source.SourceApplicationTests], using SpringBootContextLoader
16:43:20.152 [Test worker] DEBUG org.springframework.test.context.support.AbstractContextLoader - Did not detect default resource location for test class [com.vaibhav.scdf.source.SourceApplicationTests]: class path resource [com/vaibhav/scdf/source/SourceApplicationTests-context.xml] does not exist
16:43:20.153 [Test worker] DEBUG org.springframework.test.context.support.AbstractContextLoader - Did not detect default resource location for test class [com.vaibhav.scdf.source.SourceApplicationTests]: class path resource [com/vaibhav/scdf/source/SourceApplicationTestsContext.groovy] does not exist
16:43:20.153 [Test worker] INFO org.springframework.test.context.support.AbstractContextLoader - Could not detect default resource locations for test class [com.vaibhav.scdf.source.SourceApplicationTests]: no resource found for suffixes {-context.xml, Context.groovy}.
16:43:20.154 [Test worker] INFO org.springframework.test.context.support.AnnotationConfigContextLoaderUtils - Could not detect default configuration classes for test class [com.vaibhav.scdf.source.SourceApplicationTests]: SourceApplicationTests does not declare any static, non-private, non-final, nested classes annotated with @Configuration.
16:43:20.185 [Test worker] DEBUG org.springframework.test.context.support.ActiveProfilesUtils - Could not find an 'annotation declaring class' for annotation type [org.springframework.test.context.ActiveProfiles] and class [com.vaibhav.scdf.source.SourceApplicationTests]
16:43:20.227 [Test worker] DEBUG org.springframework.context.annotation.ClassPathScanningCandidateComponentProvider - Identified candidate component class: file [/Users/vaibhavsrivastava/Documents/SpringCloudDataFlow/scdf_source_app/build/classes/java/main/com/vaibhav/scdf/source/SourceApplication.class]
16:43:20.228 [Test worker] INFO org.springframework.boot.test.context.SpringBootTestContextBootstrapper - Found @SpringBootConfiguration com.vaibhav.scdf.source.SourceApplication for test class com.vaibhav.scdf.source.SourceApplicationTests
16:43:20.291 [Test worker] DEBUG org.springframework.boot.test.context.SpringBootTestContextBootstrapper - @TestExecutionListeners is not present for class [com.vaibhav.scdf.source.SourceApplicationTests]: using defaults.
16:43:20.292 [Test worker] INFO org.springframework.boot.test.context.SpringBootTestContextBootstrapper - Loaded default TestExecutionListener class names from location [META-INF/spring.factories]: [org.springframework.boot.test.autoconfigure.restdocs.RestDocsTestExecutionListener, org.springframework.boot.test.autoconfigure.web.client.MockRestServiceServerResetTestExecutionListener, org.springframework.boot.test.autoconfigure.web.servlet.MockMvcPrintOnlyOnFailureTestExecutionListener, org.springframework.boot.test.autoconfigure.web.servlet.WebDriverTestExecutionListener, org.springframework.boot.test.autoconfigure.webservices.client.MockWebServiceServerTestExecutionListener, org.springframework.boot.test.mock.mockito.MockitoTestExecutionListener, org.springframework.boot.test.mock.mockito.ResetMocksTestExecutionListener, org.springframework.test.context.web.ServletTestExecutionListener, org.springframework.test.context.support.DirtiesContextBeforeModesTestExecutionListener, org.springframework.test.context.support.DependencyInjectionTestExecutionListener, org.springframework.test.context.support.DirtiesContextTestExecutionListener, org.springframework.test.context.transaction.TransactionalTestExecutionListener, org.springframework.test.context.jdbc.SqlScriptsTestExecutionListener, org.springframework.test.context.event.EventPublishingTestExecutionListener]
16:43:20.299 [Test worker] DEBUG org.springframework.boot.test.context.SpringBootTestContextBootstrapper - Skipping candidate TestExecutionListener [org.springframework.test.context.web.ServletTestExecutionListener] due to a missing dependency. Specify custom listener classes or make the default listener classes and their required dependencies available. Offending class: [javax/servlet/ServletContext]
16:43:20.304 [Test worker] INFO org.springframework.boot.test.context.SpringBootTestContextBootstrapper - Using TestExecutionListeners: [org.springframework.test.context.support.DirtiesContextBeforeModesTestExecutionListener@f1ace38, org.springframework.boot.test.mock.mockito.MockitoTestExecutionListener@316a8a8a, org.springframework.boot.test.autoconfigure.SpringBootDependencyInjectionTestExecutionListener@21adab88, org.springframework.test.context.support.DirtiesContextTestExecutionListener@2015a83, org.springframework.test.context.transaction.TransactionalTestExecutionListener@5bb32ff5, org.springframework.test.context.jdbc.SqlScriptsTestExecutionListener@3ee8c0d3, org.springframework.test.context.event.EventPublishingTestExecutionListener@7255dd6d, org.springframework.boot.test.autoconfigure.restdocs.RestDocsTestExecutionListener@7a0844e6, org.springframework.boot.test.autoconfigure.web.client.MockRestServiceServerResetTestExecutionListener@380610d5, org.springframework.boot.test.autoconfigure.web.servlet.MockMvcPrintOnlyOnFailureTestExecutionListener@4090a15e, org.springframework.boot.test.autoconfigure.web.servlet.WebDriverTestExecutionListener@1cf2a294, org.springframework.boot.test.autoconfigure.webservices.client.MockWebServiceServerTestExecutionListener@2465ea98, org.springframework.boot.test.mock.mockito.ResetMocksTestExecutionListener@2cedd679]
16:43:20.306 [Test worker] DEBUG org.springframework.test.context.support.AbstractDirtiesContextTestExecutionListener - Before test class: context [DefaultTestContext@14ec918d testClass = SourceApplicationTests, testInstance = [null], testMethod = [null], testException = [null], mergedContextConfiguration = [MergedContextConfiguration@553d836f testClass = SourceApplicationTests, locations = '{}', classes = '{class com.vaibhav.scdf.source.SourceApplication}', contextInitializerClasses = '[]', activeProfiles = '{}', propertySourceLocations = '{}', propertySourceProperties = '{org.springframework.boot.test.context.SpringBootTestContextBootstrapper=true}', contextCustomizers = set[org.springframework.boot.test.autoconfigure.actuate.metrics.MetricsExportContextCustomizerFactory$DisableMetricExportContextCustomizer@5e1657e5, org.springframework.boot.test.autoconfigure.properties.PropertyMappingContextCustomizer@0, org.springframework.boot.test.autoconfigure.web.servlet.WebDriverContextCustomizerFactory$Customizer@7cd61260, org.springframework.boot.test.context.filter.ExcludeFilterContextCustomizer@1f091b2f, org.springframework.boot.test.json.DuplicateJsonObjectContextCustomizerFactory$DuplicateJsonObjectContextCustomizer@640eed9a, org.springframework.boot.test.mock.mockito.MockitoContextCustomizer@0, org.springframework.boot.test.web.client.TestRestTemplateContextCustomizer@7453246b, org.springframework.boot.test.context.SpringBootTestArgs@1, org.springframework.boot.test.context.SpringBootTestWebEnvironment@6d5f4723], contextLoader = 'org.springframework.boot.test.context.SpringBootContextLoader', parent = [null]], attributes = map[[empty]]], class annotated with @DirtiesContext [false] with mode [null].
16:43:20.313 [Test worker] DEBUG org.springframework.test.context.support.DependencyInjectionTestExecutionListener - Performing dependency injection for test context [[DefaultTestContext@14ec918d testClass = SourceApplicationTests, testInstance = com.vaibhav.scdf.source.SourceApplicationTests@6267798b, testMethod = [null], testException = [null], mergedContextConfiguration = [MergedContextConfiguration@553d836f testClass = SourceApplicationTests, locations = '{}', classes = '{class com.vaibhav.scdf.source.SourceApplication}', contextInitializerClasses = '[]', activeProfiles = '{}', propertySourceLocations = '{}', propertySourceProperties = '{org.springframework.boot.test.context.SpringBootTestContextBootstrapper=true}', contextCustomizers = set[org.springframework.boot.test.autoconfigure.actuate.metrics.MetricsExportContextCustomizerFactory$DisableMetricExportContextCustomizer@5e1657e5, org.springframework.boot.test.autoconfigure.properties.PropertyMappingContextCustomizer@0, org.springframework.boot.test.autoconfigure.web.servlet.WebDriverContextCustomizerFactory$Customizer@7cd61260, org.springframework.boot.test.context.filter.ExcludeFilterContextCustomizer@1f091b2f, org.springframework.boot.test.json.DuplicateJsonObjectContextCustomizerFactory$DuplicateJsonObjectContextCustomizer@640eed9a, org.springframework.boot.test.mock.mockito.MockitoContextCustomizer@0, org.springframework.boot.test.web.client.TestRestTemplateContextCustomizer@7453246b, org.springframework.boot.test.context.SpringBootTestArgs@1, org.springframework.boot.test.context.SpringBootTestWebEnvironment@6d5f4723], contextLoader = 'org.springframework.boot.test.context.SpringBootContextLoader', parent = [null]], attributes = map[[empty]]]].
16:43:20.327 [Test worker] DEBUG org.springframework.test.context.support.TestPropertySourceUtils - Adding inlined properties to environment: {spring.jmx.enabled=false, org.springframework.boot.test.context.SpringBootTestContextBootstrapper=true}

  .   ____          _            __ _ _
 /\\ / ___'_ __ _ _(_)_ __  __ _ \ \ \ \
( ( )\___ | '_ | '_| | '_ \/ _` | \ \ \ \
 \\/  ___)| |_)| | | | | || (_| |  ) ) ) )
  '  |____| .__|_| |_|_| |_\__, | / / / /
 =========|_|==============|___/=/_/_/_/
 :: Spring Boot ::                (v2.4.1)

2021-01-04 16:43:20.515  INFO 39313 --- [    Test worker] c.v.scdf.source.SourceApplicationTests   : Starting SourceApplicationTests using Java 14.0.1 on MacBook-Pro.local with PID 39313 (started by vaibhavsrivastava in /Users/vaibhavsrivastava/Documents/SpringCloudDataFlow/scdf_source_app)
2021-01-04 16:43:20.516  INFO 39313 --- [    Test worker] c.v.scdf.source.SourceApplicationTests   : No active profile set, falling back to default profiles: default
2021-01-04 16:43:21.049  INFO 39313 --- [    Test worker] o.s.c.a.ConfigurationClassEnhancer       : @Bean method FunctionConfiguration.po is non-static and returns an object assignable to Spring's BeanFactoryPostProcessor interface. This will result in a failure to process annotations such as @Autowired, @Resource and @PostConstruct within the method's declaring @Configuration class. Add the 'static' modifier to this method to avoid these container lifecycle issues; see @Bean javadoc for complete details.
2021-01-04 16:43:21.061  INFO 39313 --- [    Test worker] faultConfiguringBeanFactoryPostProcessor : No bean named 'errorChannel' has been explicitly defined. Therefore, a default PublishSubscribeChannel will be created.
2021-01-04 16:43:21.064  INFO 39313 --- [    Test worker] faultConfiguringBeanFactoryPostProcessor : No bean named 'taskScheduler' has been explicitly defined. Therefore, a default ThreadPoolTaskScheduler will be created.
2021-01-04 16:43:21.067  INFO 39313 --- [    Test worker] faultConfiguringBeanFactoryPostProcessor : No bean named 'integrationHeaderChannelRegistry' has been explicitly defined. Therefore, a default DefaultHeaderChannelRegistry will be created.
2021-01-04 16:43:21.125  INFO 39313 --- [    Test worker] trationDelegate$BeanPostProcessorChecker : Bean 'integrationChannelResolver' of type [org.springframework.integration.support.channel.BeanFactoryChannelResolver] is not eligible for getting processed by all BeanPostProcessors (for example: not eligible for auto-proxying)
2021-01-04 16:43:21.128  INFO 39313 --- [    Test worker] trationDelegate$BeanPostProcessorChecker : Bean 'integrationDisposableAutoCreatedBeans' of type [org.springframework.integration.config.annotation.Disposables] is not eligible for getting processed by all BeanPostProcessors (for example: not eligible for auto-proxying)
2021-01-04 16:43:21.138  INFO 39313 --- [    Test worker] trationDelegate$BeanPostProcessorChecker : Bean 'org.springframework.integration.config.IntegrationManagementConfiguration' of type [org.springframework.integration.config.IntegrationManagementConfiguration] is not eligible for getting processed by all BeanPostProcessors (for example: not eligible for auto-proxying)
2021-01-04 16:43:21.799  INFO 39313 --- [    Test worker] o.s.s.c.ThreadPoolTaskScheduler          : Initializing ExecutorService 'taskScheduler'
2021-01-04 16:43:21.812  INFO 39313 --- [    Test worker] onConfiguration$FunctionBindingRegistrar : Functional binding is disabled due to the presense of @EnableBinding annotation in your configuration
2021-01-04 16:43:21.938  INFO 39313 --- [    Test worker] o.s.i.endpoint.EventDrivenConsumer       : Adding {logging-channel-adapter:_org.springframework.integration.errorLogger} as a subscriber to the 'errorChannel' channel
2021-01-04 16:43:21.938  INFO 39313 --- [    Test worker] o.s.i.channel.PublishSubscribeChannel    : Channel 'source-app.errorChannel' has 1 subscriber(s).
2021-01-04 16:43:21.938  INFO 39313 --- [    Test worker] o.s.i.endpoint.EventDrivenConsumer       : started bean '_org.springframework.integration.errorLogger'
2021-01-04 16:43:21.939  INFO 39313 --- [    Test worker] o.s.c.s.binder.DefaultBinderFactory      : Creating binder: rabbit
2021-01-04 16:43:22.039  INFO 39313 --- [    Test worker] o.s.c.s.binder.DefaultBinderFactory      : Caching the binder: rabbit
2021-01-04 16:43:22.039  INFO 39313 --- [    Test worker] o.s.c.s.binder.DefaultBinderFactory      : Retrieving cached binder: rabbit
2021-01-04 16:43:22.102  INFO 39313 --- [    Test worker] o.s.a.r.c.CachingConnectionFactory       : Attempting to connect to: [localhost:5672]
2021-01-04 16:43:22.291  INFO 39313 --- [    Test worker] o.s.a.r.c.CachingConnectionFactory       : Created new connection: rabbitConnectionFactory#543947b0:0/SimpleConnection@1ddcb81d [delegate=amqp://guest@127.0.0.1:5672/, localPort= 57821]
2021-01-04 16:43:22.329  INFO 39313 --- [    Test worker] o.s.c.s.m.DirectWithAttributesChannel    : Channel 'source-app.output' has 1 subscriber(s).
2021-01-04 16:43:22.332  INFO 39313 --- [    Test worker] o.s.i.e.SourcePollingChannelAdapter      : started bean 'sourceApplication.source.inboundChannelAdapter'
2021-01-04 16:43:22.336  INFO 39313 --- [    Test worker] c.v.scdf.source.SourceApplicationTests   : Started SourceApplicationTests in 2.008 seconds (JVM running for 2.78)
2021-01-04 16:43:22.385  INFO 39313 --- [ask-scheduler-1] o.s.a.r.c.CachingConnectionFactory       : Attempting to connect to: [localhost:5672]
2021-01-04 16:43:22.512  INFO 39313 --- [ask-scheduler-1] o.s.a.r.c.CachingConnectionFactory       : Created new connection: rabbitConnectionFactory.publisher#6d95d735:0/SimpleConnection@53746b6a [delegate=amqp://guest@127.0.0.1:5672/, localPort= 57824]
]]></system-out>
  <system-err><![CDATA[]]></system-err>
</testsuite>
